<?xml version="1.0" encoding="UTF-8"?>
<testsuite xmlns:xsi="http://www.w3.org/2001/XMLSchema-instance" xsi:noNamespaceSchemaLocation="https://maven.apache.org/surefire/maven-surefire-plugin/xsd/surefire-test-report.xsd" version="3.0.2" name="com.gebaly.employeemanagement.EmployeeManagementApplicationTests" time="7.474" tests="1" errors="0" skipped="0" failures="0">
  <properties>
[...]
</properties>
  <testcase name="contextLoads" classname="com.gebaly.employeemanagement.EmployeeManagementApplicationTests" time="0.92">
    <system-out><![CDATA[20:46:33,042 |-INFO in ch.qos.logback.classic.LoggerContext[default] - This is logback-classic version 1.5.12
20:46:33,047 |-INFO in ch.qos.logback.classic.util.ContextInitializer@68034211 - Here is a list of configurators discovered as a service, by rank: 
20:46:33,047 |-INFO in ch.qos.logback.classic.util.ContextInitializer@68034211 -   org.springframework.boot.logging.logback.RootLogLevelConfigurator
20:46:33,047 |-INFO in ch.qos.logback.classic.util.ContextInitializer@68034211 - They will be invoked in order until ExecutionStatus.DO_NOT_INVOKE_NEXT_IF_ANY is returned.
20:46:33,047 |-INFO in ch.qos.logback.classic.util.ContextInitializer@68034211 - Constructed configurator of type class org.springframework.boot.logging.logback.RootLogLevelConfigurator
20:46:33,054 |-INFO in ch.qos.logback.classic.util.ContextInitializer@68034211 - org.springframework.boot.logging.logback.RootLogLevelConfigurator.configure() call lasted 0 milliseconds. ExecutionStatus=INVOKE_NEXT_IF_ANY
20:46:33,054 |-INFO in ch.qos.logback.classic.util.ContextInitializer@68034211 - Trying to configure with ch.qos.logback.classic.joran.SerializedModelConfigurator
20:46:33,054 |-INFO in ch.qos.logback.classic.util.ContextInitializer@68034211 - Constructed configurator of type class ch.qos.logback.classic.joran.SerializedModelConfigurator
20:46:33,056 |-INFO in ch.qos.logback.classic.LoggerContext[default] - Could NOT find resource [logback-test.scmo]
20:46:33,056 |-INFO in ch.qos.logback.classic.LoggerContext[default] - Could NOT find resource [logback.scmo]
20:46:33,056 |-INFO in ch.qos.logback.classic.util.ContextInitializer@68034211 - ch.qos.logback.classic.joran.SerializedModelConfigurator.configure() call lasted 2 milliseconds. ExecutionStatus=INVOKE_NEXT_IF_ANY
20:46:33,056 |-INFO in ch.qos.logback.classic.util.ContextInitializer@68034211 - Trying to configure with ch.qos.logback.classic.util.DefaultJoranConfigurator
20:46:33,057 |-INFO in ch.qos.logback.classic.util.ContextInitializer@68034211 - Constructed configurator of type class ch.qos.logback.classic.util.DefaultJoranConfigurator
20:46:33,057 |-INFO in ch.qos.logback.classic.LoggerContext[default] - Could NOT find resource [logback-test.xml]
20:46:33,059 |-INFO in ch.qos.logback.classic.LoggerContext[default] - Found resource [logback.xml] at [file:/E:/FreeLance/rwafed/employee-management/target/classes/logback.xml]
20:46:33,107 |-WARN in ch.qos.logback.core.joran.action.ConversionRuleAction - [converterClass] attribute is deprecated and replaced by [class]. See element [conversionRule] near line 3
20:46:33,140 |-INFO in ch.qos.logback.core.model.processor.ConversionRuleModelHandler - registering conversion word wex with class [org.springframework.boot.logging.logback.WhitespaceThrowableProxyConverter]
20:46:33,143 |-INFO in ch.qos.logback.core.model.processor.AppenderModelHandler - Processing appender named [STDOUT]
20:46:33,143 |-INFO in ch.qos.logback.core.model.processor.AppenderModelHandler - About to instantiate appender of type [ch.qos.logback.core.ConsoleAppender]
20:46:33,148 |-INFO in ch.qos.logback.core.model.processor.ImplicitModelHandler - Assuming default type [ch.qos.logback.classic.encoder.PatternLayoutEncoder] for [encoder] property
20:46:33,166 |-INFO in ch.qos.logback.classic.model.processor.RootLoggerModelHandler - Setting level of ROOT logger to INFO
20:46:33,166 |-INFO in ch.qos.logback.core.model.processor.AppenderRefModelHandler - Attaching appender named [STDOUT] to Logger[ROOT]
20:46:33,166 |-INFO in ch.qos.logback.core.model.processor.DefaultProcessor@4f74980d - End of configuration.
20:46:33,167 |-INFO in ch.qos.logback.classic.joran.JoranConfigurator@6c372fe6 - Registering current configuration as safe fallback point
20:46:33,167 |-INFO in ch.qos.logback.classic.util.ContextInitializer@68034211 - ch.qos.logback.classic.util.DefaultJoranConfigurator.configure() call lasted 110 milliseconds. ExecutionStatus=DO_NOT_INVOKE_NEXT_IF_ANY

20:46:33.294 [main] INFO  o.s.t.c.s.AnnotationConfigContextLoaderUtils - Could not detect default configuration classes for test class [com.gebaly.employeemanagement.EmployeeManagementApplicationTests]: EmployeeManagementApplicationTests does not declare any static, non-private, non-final, nested classes annotated with @Configuration.
20:46:33.513 [main] INFO  o.s.b.t.c.SpringBootTestContextBootstrapper - Found @SpringBootConfiguration com.gebaly.employeemanagement.EmployeeManagementApplication for test class com.gebaly.employeemanagement.EmployeeManagementApplicationTests
20:46:33.770 [main] INFO  o.s.b.d.r.RestartApplicationListener - Restart disabled due to context in which it is running
20:46:33,996 |-WARN in ch.qos.logback.core.joran.action.ConversionRuleAction - [converterClass] attribute is deprecated and replaced by [class]. See element [conversionRule] near line 3
20:46:33,998 |-INFO in ch.qos.logback.core.model.processor.ConversionRuleModelHandler - registering conversion word wex with class [org.springframework.boot.logging.logback.WhitespaceThrowableProxyConverter]
20:46:33,998 |-INFO in ch.qos.logback.core.model.processor.AppenderModelHandler - Processing appender named [STDOUT]
20:46:33,998 |-INFO in ch.qos.logback.core.model.processor.AppenderModelHandler - About to instantiate appender of type [ch.qos.logback.core.ConsoleAppender]
20:46:33,998 |-INFO in ch.qos.logback.core.model.processor.ImplicitModelHandler - Assuming default type [ch.qos.logback.classic.encoder.PatternLayoutEncoder] for [encoder] property
20:46:33,999 |-INFO in ch.qos.logback.classic.model.processor.RootLoggerModelHandler - Setting level of ROOT logger to INFO
20:46:33,999 |-INFO in ch.qos.logback.classic.jul.LevelChangePropagator@18388a3c - Propagating INFO level on Logger[ROOT] onto the JUL framework
20:46:33,999 |-INFO in ch.qos.logback.core.model.processor.AppenderRefModelHandler - Attaching appender named [STDOUT] to Logger[ROOT]
20:46:33,999 |-INFO in ch.qos.logback.core.model.processor.DefaultProcessor@1d035be3 - End of configuration.
20:46:33,999 |-INFO in org.springframework.boot.logging.logback.SpringBootJoranConfigurator@4a60ee36 - Registering current configuration as safe fallback point


  .   ____          _            __ _ _
 /\\ / ___'_ __ _ _(_)_ __  __ _ \ \ \ \
( ( )\___ | '_ | '_| | '_ \/ _` | \ \ \ \
 \\/  ___)| |_)| | | | | || (_| |  ) ) ) )
  '  |____| .__|_| |_|_| |_\__, | / / / /
 =========|_|==============|___/=/_/_/_/

 :: Spring Boot ::                (v3.4.0)

20:46:34.112 [main] INFO  c.g.e.EmployeeManagementApplicationTests - Starting EmployeeManagementApplicationTests using Java 17.0.13 with PID 11272 (started by Mostafa Gebaly in E:\FreeLance\rwafed\employee-management)
20:46:34.114 [main] INFO  c.g.e.EmployeeManagementApplicationTests - No active profile set, falling back to 1 default profile: "default"
20:46:35.104 [main] INFO  o.s.d.r.c.RepositoryConfigurationDelegate - Multiple Spring Data modules found, entering strict repository configuration mode
20:46:35.106 [main] INFO  o.s.d.r.c.RepositoryConfigurationDelegate - Bootstrapping Spring Data JDBC repositories in DEFAULT mode.
20:46:35.148 [main] INFO  o.s.d.r.c.RepositoryConfigurationExtensionSupport - Spring Data JDBC - Could not safely identify store assignment for repository candidate interface com.gebaly.employeemanagement.repository.EmployeeRepository; If you want this repository to be a JDBC repository, consider annotating your entities with one of these annotations: org.springframework.data.relational.core.mapping.Table.
20:46:35.149 [main] INFO  o.s.d.r.c.RepositoryConfigurationDelegate - Finished Spring Data repository scanning in 35 ms. Found 0 JDBC repository interfaces.
20:46:35.165 [main] INFO  o.s.d.r.c.RepositoryConfigurationDelegate - Multiple Spring Data modules found, entering strict repository configuration mode
20:46:35.167 [main] INFO  o.s.d.r.c.RepositoryConfigurationDelegate - Bootstrapping Spring Data JPA repositories in DEFAULT mode.
20:46:35.216 [main] INFO  o.s.d.r.c.RepositoryConfigurationDelegate - Finished Spring Data repository scanning in 41 ms. Found 1 JPA repository interface.
20:46:35.876 [main] INFO  com.zaxxer.hikari.HikariDataSource - HikariPool-1 - Starting...
20:46:36.129 [main] INFO  com.zaxxer.hikari.pool.HikariPool - HikariPool-1 - Added connection conn0: url=jdbc:h2:mem:testdb user=SA
20:46:36.131 [main] INFO  com.zaxxer.hikari.HikariDataSource - HikariPool-1 - Start completed.
20:46:36.229 [main] INFO  o.h.jpa.internal.util.LogHelper - HHH000204: Processing PersistenceUnitInfo [name: default]
20:46:36.361 [main] INFO  org.hibernate.Version - HHH000412: Hibernate ORM core version 6.6.2.Final
20:46:36.438 [main] INFO  o.h.c.i.RegionFactoryInitiator - HHH000026: Second-level cache disabled
20:46:36.908 [main] INFO  o.s.o.j.p.SpringPersistenceUnitInfo - No LoadTimeWeaver setup: ignoring JPA class transformer
20:46:36.993 [main] WARN  org.hibernate.orm.deprecation - HHH90000025: H2Dialect does not need to be specified explicitly using 'hibernate.dialect' (remove the property setting and it will be selected by default)
20:46:37.025 [main] INFO  o.hibernate.orm.connections.pooling - HHH10001005: Database info:
	Database JDBC URL [Connecting through datasource 'HikariDataSource (HikariPool-1)']
	Database driver: undefined/unknown
	Database version: 2.3.232
	Autocommit mode: undefined/unknown
	Isolation level: undefined/unknown
	Minimum pool size: undefined/unknown
	Maximum pool size: undefined/unknown
20:46:37.977 [main] INFO  o.h.e.t.j.p.i.JtaPlatformInitiator - HHH000489: No JTA platform available (set 'hibernate.transaction.jta.platform' to enable JTA platform integration)
20:46:38.003 [main] INFO  o.s.o.j.LocalContainerEntityManagerFactoryBean - Initialized JPA EntityManagerFactory for persistence unit 'default'
20:46:38.656 [main] WARN  o.s.b.a.o.j.JpaBaseConfiguration$JpaWebConfiguration - spring.jpa.open-in-view is enabled by default. Therefore, database queries may be performed during view rendering. Explicitly configure spring.jpa.open-in-view to disable this warning
20:46:39.454 [main] INFO  o.s.b.a.h.H2ConsoleAutoConfiguration - H2 console available at '/h2-console'. Database available at 'jdbc:h2:mem:testdb'
20:46:39.529 [main] INFO  c.g.e.EmployeeManagementApplicationTests - Started EmployeeManagementApplicationTests in 5.779 seconds (process running for 7.13)
]]></system-out>
    <system-err><![CDATA[SLF4J(W): Class path contains multiple SLF4J providers.
SLF4J(W): Found provider [ch.qos.logback.classic.spi.LogbackServiceProvider@6c40365c]
SLF4J(W): Found provider [org.apache.logging.slf4j.SLF4JServiceProvider@7bedc48a]
SLF4J(W): See https://www.slf4j.org/codes.html#multiple_bindings for an explanation.
SLF4J(I): Actual provider is of type [ch.qos.logback.classic.spi.LogbackServiceProvider@6c40365c]
]]></system-err>
  </testcase>
</testsuite>